<<<<<<< HEAD
--- Copying files at Thu Aug 13 19:19:58 UTC 2020
--- Copying files at Thu Aug 13 20:43:20 UTC 2020
--- Copying files at Thu Aug 13 20:45:23 UTC 2020
--- Copying files at Thu Aug 13 20:51:50 UTC 2020
--- Copying files at Thu Aug 13 20:54:23 UTC 2020
--- Copying files at Thu Aug 13 21:50:22 UTC 2020
--- Copying files at Tue Aug 18 14:13:22 UTC 2020
=======
--- Copying files at Thu Aug 13 22:11:26 UTC 2020
--- Copying files at Thu Aug 13 22:12:31 UTC 2020
--- Copying files at Thu Aug 13 22:16:22 UTC 2020
--- Copying files at Thu Aug 13 23:13:42 UTC 2020
--- Copying files at Fri Aug 14 02:21:23 UTC 2020
--- Copying files at Sat Aug 15 01:33:40 UTC 2020
--- Copying files at Mon Aug 17 18:58:19 UTC 2020
>>>>>>> devops/v0.1.1
--- Copying files at Tue Aug 18 14:23:53 UTC 2020
--- Copying files at Tue Aug 18 14:37:54 UTC 2020
--- Copying files at Tue Aug 18 15:28:40 UTC 2020
--- Copying files at Tue Aug 18 17:11:46 UTC 2020
--- Copying files at Tue Aug 18 17:56:02 UTC 2020
--- Copying files at Tue Aug 18 19:14:49 UTC 2020
--- Copying files at Tue Aug 18 21:52:10 UTC 2020
