<<<<<<< HEAD
Started at Thu Feb 13 21:15:12 UTC 2020
Finished at Thu Feb 13 21:15:12 UTC 2020. 2ms
Started at Thu Feb 13 21:20:12 UTC 2020
Finished at Thu Feb 13 21:20:12 UTC 2020. 2ms
Started at Thu Feb 13 21:25:12 UTC 2020
Finished at Thu Feb 13 21:25:12 UTC 2020. 1ms
Started at Thu Feb 13 21:30:12 UTC 2020
Finished at Thu Feb 13 21:30:12 UTC 2020. 2ms
Started at Thu Feb 13 21:35:12 UTC 2020
Finished at Thu Feb 13 21:35:12 UTC 2020. 2ms
Started at Thu Feb 13 21:40:12 UTC 2020
Finished at Thu Feb 13 21:40:12 UTC 2020. 3ms
Started at Thu Feb 13 21:45:12 UTC 2020
Finished at Thu Feb 13 21:45:12 UTC 2020. 1ms
Started at Thu Feb 13 21:50:12 UTC 2020
Finished at Thu Feb 13 21:50:12 UTC 2020. 1ms
Started at Thu Feb 13 21:55:12 UTC 2020
Finished at Thu Feb 13 21:55:12 UTC 2020. 1ms
Started at Thu Feb 13 22:00:12 UTC 2020
Finished at Thu Feb 13 22:00:12 UTC 2020. 2ms
Started at Thu Feb 13 22:05:12 UTC 2020
Finished at Thu Feb 13 22:05:12 UTC 2020. 1ms
Started at Thu Feb 13 22:10:12 UTC 2020
Finished at Thu Feb 13 22:10:12 UTC 2020. 1ms
Started at Thu Feb 13 22:15:12 UTC 2020
Finished at Thu Feb 13 22:15:12 UTC 2020. 1ms
Started at Thu Feb 13 22:20:12 UTC 2020
Finished at Thu Feb 13 22:20:12 UTC 2020. 2ms
Started at Thu Feb 13 22:25:12 UTC 2020
Finished at Thu Feb 13 22:25:12 UTC 2020. 1ms
Started at Thu Feb 13 22:30:12 UTC 2020
Finished at Thu Feb 13 22:30:12 UTC 2020. 1ms
Started at Thu Feb 13 22:35:12 UTC 2020
Finished at Thu Feb 13 22:35:12 UTC 2020. 1ms
Started at Thu Feb 13 22:40:12 UTC 2020
Finished at Thu Feb 13 22:40:12 UTC 2020. 1ms
Started at Thu Feb 13 22:45:12 UTC 2020
Finished at Thu Feb 13 22:45:12 UTC 2020. 2ms
Started at Thu Feb 13 22:50:12 UTC 2020
Finished at Thu Feb 13 22:50:12 UTC 2020. 2ms
Started at Thu Feb 13 22:55:12 UTC 2020
Finished at Thu Feb 13 22:55:12 UTC 2020. 1ms
Started at Thu Feb 13 23:00:12 UTC 2020
Finished at Thu Feb 13 23:00:12 UTC 2020. 2ms
Started at Thu Feb 13 23:05:12 UTC 2020
Finished at Thu Feb 13 23:05:12 UTC 2020. 1ms
Started at Thu Feb 13 23:10:12 UTC 2020
Finished at Thu Feb 13 23:10:12 UTC 2020. 2ms
Started at Thu Feb 13 23:15:12 UTC 2020
Finished at Thu Feb 13 23:15:12 UTC 2020. 2ms
Started at Thu Feb 13 23:20:12 UTC 2020
Finished at Thu Feb 13 23:20:12 UTC 2020. 2ms
Started at Thu Feb 13 23:25:12 UTC 2020
Finished at Thu Feb 13 23:25:12 UTC 2020. 1ms
Started at Thu Feb 13 23:30:12 UTC 2020
Finished at Thu Feb 13 23:30:12 UTC 2020. 1ms
Started at Thu Feb 13 23:35:12 UTC 2020
Finished at Thu Feb 13 23:35:12 UTC 2020. 2ms
Started at Thu Feb 13 23:40:12 UTC 2020
Finished at Thu Feb 13 23:40:12 UTC 2020. 2ms
Started at Thu Feb 13 23:45:12 UTC 2020
Finished at Thu Feb 13 23:45:12 UTC 2020. 1ms
Started at Thu Feb 13 23:50:12 UTC 2020
Finished at Thu Feb 13 23:50:12 UTC 2020. 2ms
Started at Thu Feb 13 23:55:12 UTC 2020
Finished at Thu Feb 13 23:55:12 UTC 2020. 2ms
Started at Fri Feb 14 00:00:12 UTC 2020
Finished at Fri Feb 14 00:00:12 UTC 2020. 2ms
Started at Fri Feb 14 00:05:12 UTC 2020
Finished at Fri Feb 14 00:05:12 UTC 2020. 2ms
Started at Fri Feb 14 00:10:12 UTC 2020
Finished at Fri Feb 14 00:10:12 UTC 2020. 1ms
Started at Fri Feb 14 00:15:12 UTC 2020
Finished at Fri Feb 14 00:15:12 UTC 2020. 1ms
Started at Fri Feb 14 00:20:12 UTC 2020
Finished at Fri Feb 14 00:20:12 UTC 2020. 1ms
Started at Fri Feb 14 00:25:12 UTC 2020
Finished at Fri Feb 14 00:25:12 UTC 2020. 2ms
Started at Fri Feb 14 00:30:12 UTC 2020
Finished at Fri Feb 14 00:30:12 UTC 2020. 2ms
Started at Fri Feb 14 00:35:12 UTC 2020
Finished at Fri Feb 14 00:35:12 UTC 2020. 2ms
Started at Fri Feb 14 00:40:12 UTC 2020
Finished at Fri Feb 14 00:40:12 UTC 2020. 1ms
Started at Fri Feb 14 00:45:12 UTC 2020
Finished at Fri Feb 14 00:45:12 UTC 2020. 1ms
Started at Fri Feb 14 00:50:12 UTC 2020
Finished at Fri Feb 14 00:50:12 UTC 2020. 2ms
Started at Fri Feb 14 00:55:12 UTC 2020
Finished at Fri Feb 14 00:55:12 UTC 2020. 1ms
Started at Fri Feb 14 01:00:12 UTC 2020
Finished at Fri Feb 14 01:00:12 UTC 2020. 2ms
Started at Fri Feb 14 01:05:12 UTC 2020
Finished at Fri Feb 14 01:05:12 UTC 2020. 1ms
Started at Fri Feb 14 01:10:12 UTC 2020
Finished at Fri Feb 14 01:10:12 UTC 2020. 2ms
Started at Fri Feb 14 01:15:12 UTC 2020
Finished at Fri Feb 14 01:15:12 UTC 2020. 2ms
Started at Fri Feb 14 01:20:12 UTC 2020
Finished at Fri Feb 14 01:20:12 UTC 2020. 2ms
Started at Fri Feb 14 01:25:12 UTC 2020
Finished at Fri Feb 14 01:25:12 UTC 2020. 3ms
Started at Fri Feb 14 01:30:12 UTC 2020
Finished at Fri Feb 14 01:30:12 UTC 2020. 2ms
Started at Fri Feb 14 01:35:12 UTC 2020
Finished at Fri Feb 14 01:35:12 UTC 2020. 3ms
Started at Fri Feb 14 01:40:12 UTC 2020
Finished at Fri Feb 14 01:40:12 UTC 2020. 1ms
Started at Fri Feb 14 01:45:12 UTC 2020
Finished at Fri Feb 14 01:45:12 UTC 2020. 2ms
Started at Fri Feb 14 01:50:12 UTC 2020
Finished at Fri Feb 14 01:50:12 UTC 2020. 1ms
Started at Fri Feb 14 01:55:12 UTC 2020
Finished at Fri Feb 14 01:55:12 UTC 2020. 2ms
Started at Fri Feb 14 02:00:12 UTC 2020
Finished at Fri Feb 14 02:00:12 UTC 2020. 2ms
Started at Fri Feb 14 02:05:12 UTC 2020
Finished at Fri Feb 14 02:05:12 UTC 2020. 2ms
Started at Fri Feb 14 02:10:12 UTC 2020
Finished at Fri Feb 14 02:10:12 UTC 2020. 2ms
Started at Fri Feb 14 02:15:12 UTC 2020
Finished at Fri Feb 14 02:15:12 UTC 2020. 1ms
Started at Fri Feb 14 02:20:12 UTC 2020
Finished at Fri Feb 14 02:20:12 UTC 2020. 1ms
Started at Fri Feb 14 02:25:12 UTC 2020
Finished at Fri Feb 14 02:25:12 UTC 2020. 2ms
Started at Fri Feb 14 02:30:12 UTC 2020
Finished at Fri Feb 14 02:30:12 UTC 2020. 1ms
Started at Fri Feb 14 02:35:12 UTC 2020
Finished at Fri Feb 14 02:35:12 UTC 2020. 1ms
Started at Fri Feb 14 02:40:12 UTC 2020
Finished at Fri Feb 14 02:40:12 UTC 2020. 2ms
Started at Fri Feb 14 02:45:12 UTC 2020
Finished at Fri Feb 14 02:45:12 UTC 2020. 2ms
Started at Fri Feb 14 02:50:12 UTC 2020
Finished at Fri Feb 14 02:50:12 UTC 2020. 2ms
Started at Fri Feb 14 02:55:12 UTC 2020
Finished at Fri Feb 14 02:55:12 UTC 2020. 2ms
Started at Fri Feb 14 03:00:12 UTC 2020
Finished at Fri Feb 14 03:00:12 UTC 2020. 1ms
Started at Fri Feb 14 03:05:12 UTC 2020
Finished at Fri Feb 14 03:05:12 UTC 2020. 1ms
Started at Fri Feb 14 03:10:12 UTC 2020
Finished at Fri Feb 14 03:10:12 UTC 2020. 1ms
Started at Fri Feb 14 03:15:12 UTC 2020
Finished at Fri Feb 14 03:15:12 UTC 2020. 1ms
Started at Fri Feb 14 03:20:12 UTC 2020
Finished at Fri Feb 14 03:20:12 UTC 2020. 2ms
Started at Fri Feb 14 03:25:12 UTC 2020
Finished at Fri Feb 14 03:25:12 UTC 2020. 0ms
Started at Fri Feb 14 03:30:12 UTC 2020
Finished at Fri Feb 14 03:30:12 UTC 2020. 2ms
Started at Fri Feb 14 03:35:12 UTC 2020
Finished at Fri Feb 14 03:35:12 UTC 2020. 2ms
Started at Fri Feb 14 03:40:12 UTC 2020
Finished at Fri Feb 14 03:40:12 UTC 2020. 1ms
Started at Fri Feb 14 03:45:12 UTC 2020
Finished at Fri Feb 14 03:45:12 UTC 2020. 2ms
Started at Fri Feb 14 03:50:12 UTC 2020
Finished at Fri Feb 14 03:50:12 UTC 2020. 2ms
Started at Fri Feb 14 03:55:12 UTC 2020
Finished at Fri Feb 14 03:55:12 UTC 2020. 1ms
Started at Fri Feb 14 04:00:12 UTC 2020
Finished at Fri Feb 14 04:00:12 UTC 2020. 1ms
Started at Fri Feb 14 04:05:12 UTC 2020
Finished at Fri Feb 14 04:05:12 UTC 2020. 2ms
Started at Fri Feb 14 04:10:12 UTC 2020
Finished at Fri Feb 14 04:10:12 UTC 2020. 1ms
Started at Fri Feb 14 04:15:12 UTC 2020
Finished at Fri Feb 14 04:15:12 UTC 2020. 2ms
Started at Fri Feb 14 04:20:12 UTC 2020
Finished at Fri Feb 14 04:20:12 UTC 2020. 1ms
Started at Fri Feb 14 04:25:12 UTC 2020
Finished at Fri Feb 14 04:25:12 UTC 2020. 2ms
Started at Fri Feb 14 04:30:12 UTC 2020
Finished at Fri Feb 14 04:30:12 UTC 2020. 1ms
Started at Fri Feb 14 04:35:12 UTC 2020
Finished at Fri Feb 14 04:35:12 UTC 2020. 1ms
Started at Fri Feb 14 04:40:12 UTC 2020
Finished at Fri Feb 14 04:40:12 UTC 2020. 3ms
Started at Fri Feb 14 04:45:12 UTC 2020
Finished at Fri Feb 14 04:45:12 UTC 2020. 1ms
Started at Fri Feb 14 04:50:12 UTC 2020
Finished at Fri Feb 14 04:50:12 UTC 2020. 2ms
Started at Fri Feb 14 04:55:12 UTC 2020
Finished at Fri Feb 14 04:55:12 UTC 2020. 1ms
Started at Fri Feb 14 05:00:12 UTC 2020
Finished at Fri Feb 14 05:00:12 UTC 2020. 2ms
Started at Fri Feb 14 05:05:12 UTC 2020
Finished at Fri Feb 14 05:05:12 UTC 2020. 2ms
Started at Fri Feb 14 05:10:12 UTC 2020
Finished at Fri Feb 14 05:10:12 UTC 2020. 1ms
Started at Fri Feb 14 05:15:12 UTC 2020
Finished at Fri Feb 14 05:15:12 UTC 2020. 3ms
Started at Fri Feb 14 05:20:12 UTC 2020
Finished at Fri Feb 14 05:20:12 UTC 2020. 1ms
Started at Fri Feb 14 05:25:12 UTC 2020
Finished at Fri Feb 14 05:25:12 UTC 2020. 1ms
Started at Fri Feb 14 05:30:12 UTC 2020
Finished at Fri Feb 14 05:30:12 UTC 2020. 2ms
Started at Fri Feb 14 05:35:12 UTC 2020
Finished at Fri Feb 14 05:35:12 UTC 2020. 1ms
Started at Fri Feb 14 05:40:12 UTC 2020
Finished at Fri Feb 14 05:40:12 UTC 2020. 1ms
Started at Fri Feb 14 05:45:12 UTC 2020
Finished at Fri Feb 14 05:45:12 UTC 2020. 1ms
Started at Fri Feb 14 05:50:12 UTC 2020
Finished at Fri Feb 14 05:50:12 UTC 2020. 1ms
Started at Fri Feb 14 05:55:12 UTC 2020
Finished at Fri Feb 14 05:55:12 UTC 2020. 1ms
Started at Fri Feb 14 06:00:12 UTC 2020
Finished at Fri Feb 14 06:00:12 UTC 2020. 1ms
Started at Fri Feb 14 06:05:12 UTC 2020
Finished at Fri Feb 14 06:05:12 UTC 2020. 2ms
Started at Fri Feb 14 06:10:12 UTC 2020
Finished at Fri Feb 14 06:10:12 UTC 2020. 2ms
Started at Fri Feb 14 06:15:12 UTC 2020
Finished at Fri Feb 14 06:15:12 UTC 2020. 2ms
Started at Fri Feb 14 06:20:12 UTC 2020
Finished at Fri Feb 14 06:20:12 UTC 2020. 1ms
Started at Fri Feb 14 06:25:12 UTC 2020
Finished at Fri Feb 14 06:25:12 UTC 2020. 2ms
Started at Fri Feb 14 06:30:12 UTC 2020
Finished at Fri Feb 14 06:30:12 UTC 2020. 1ms
Started at Fri Feb 14 06:35:12 UTC 2020
Finished at Fri Feb 14 06:35:12 UTC 2020. 2ms
Started at Fri Feb 14 06:40:12 UTC 2020
Finished at Fri Feb 14 06:40:12 UTC 2020. 1ms
Started at Fri Feb 14 06:45:12 UTC 2020
Finished at Fri Feb 14 06:45:12 UTC 2020. 2ms
Started at Fri Feb 14 06:50:12 UTC 2020
Finished at Fri Feb 14 06:50:12 UTC 2020. 0ms
Started at Fri Feb 14 06:55:12 UTC 2020
Finished at Fri Feb 14 06:55:12 UTC 2020. 2ms
Started at Fri Feb 14 07:00:12 UTC 2020
Finished at Fri Feb 14 07:00:12 UTC 2020. 1ms
Started at Fri Feb 14 07:05:12 UTC 2020
Finished at Fri Feb 14 07:05:12 UTC 2020. 1ms
Started at Fri Feb 14 07:10:12 UTC 2020
Finished at Fri Feb 14 07:10:12 UTC 2020. 1ms
Started at Fri Feb 14 07:15:12 UTC 2020
Finished at Fri Feb 14 07:15:12 UTC 2020. 1ms
Started at Fri Feb 14 07:20:12 UTC 2020
Finished at Fri Feb 14 07:20:12 UTC 2020. 1ms
Started at Fri Feb 14 07:25:12 UTC 2020
Finished at Fri Feb 14 07:25:12 UTC 2020. 1ms
Started at Fri Feb 14 07:30:12 UTC 2020
Finished at Fri Feb 14 07:30:12 UTC 2020. 2ms
Started at Fri Feb 14 07:35:12 UTC 2020
Finished at Fri Feb 14 07:35:12 UTC 2020. 1ms
Started at Fri Feb 14 07:40:12 UTC 2020
Finished at Fri Feb 14 07:40:12 UTC 2020. 2ms
Started at Fri Feb 14 07:45:12 UTC 2020
Finished at Fri Feb 14 07:45:12 UTC 2020. 1ms
Started at Fri Feb 14 07:50:12 UTC 2020
Finished at Fri Feb 14 07:50:12 UTC 2020. 0ms
Started at Fri Feb 14 07:55:12 UTC 2020
Finished at Fri Feb 14 07:55:12 UTC 2020. 2ms
Started at Fri Feb 14 08:00:12 UTC 2020
Finished at Fri Feb 14 08:00:12 UTC 2020. 2ms
Started at Fri Feb 14 08:05:12 UTC 2020
Finished at Fri Feb 14 08:05:12 UTC 2020. 2ms
Started at Fri Feb 14 08:10:12 UTC 2020
Finished at Fri Feb 14 08:10:12 UTC 2020. 1ms
Started at Fri Feb 14 08:15:12 UTC 2020
Finished at Fri Feb 14 08:15:12 UTC 2020. 1ms
Started at Fri Feb 14 08:20:12 UTC 2020
Finished at Fri Feb 14 08:20:12 UTC 2020. 1ms
Started at Fri Feb 14 08:25:12 UTC 2020
Finished at Fri Feb 14 08:25:12 UTC 2020. 2ms
Started at Fri Feb 14 08:30:12 UTC 2020
Finished at Fri Feb 14 08:30:12 UTC 2020. 1ms
Started at Fri Feb 14 08:35:12 UTC 2020
Finished at Fri Feb 14 08:35:12 UTC 2020. 2ms
Started at Fri Feb 14 08:40:12 UTC 2020
Finished at Fri Feb 14 08:40:12 UTC 2020. 2ms
Started at Fri Feb 14 08:45:12 UTC 2020
Finished at Fri Feb 14 08:45:12 UTC 2020. 0ms
Started at Fri Feb 14 08:50:12 UTC 2020
Finished at Fri Feb 14 08:50:12 UTC 2020. 2ms
Started at Fri Feb 14 08:55:12 UTC 2020
Finished at Fri Feb 14 08:55:12 UTC 2020. 1ms
Started at Fri Feb 14 09:00:12 UTC 2020
Finished at Fri Feb 14 09:00:12 UTC 2020. 3ms
Started at Fri Feb 14 09:05:12 UTC 2020
Finished at Fri Feb 14 09:05:12 UTC 2020. 1ms
Started at Fri Feb 14 09:10:12 UTC 2020
Finished at Fri Feb 14 09:10:12 UTC 2020. 1ms
Started at Fri Feb 14 09:15:12 UTC 2020
Finished at Fri Feb 14 09:15:12 UTC 2020. 1ms
Started at Fri Feb 14 09:20:12 UTC 2020
Finished at Fri Feb 14 09:20:12 UTC 2020. 1ms
Started at Fri Feb 14 09:25:12 UTC 2020
Finished at Fri Feb 14 09:25:12 UTC 2020. 2ms
Started at Fri Feb 14 09:30:12 UTC 2020
Finished at Fri Feb 14 09:30:12 UTC 2020. 1ms
Started at Fri Feb 14 09:35:12 UTC 2020
Finished at Fri Feb 14 09:35:12 UTC 2020. 1ms
Started at Fri Feb 14 09:40:12 UTC 2020
Finished at Fri Feb 14 09:40:12 UTC 2020. 1ms
Started at Fri Feb 14 09:45:12 UTC 2020
Finished at Fri Feb 14 09:45:12 UTC 2020. 2ms
Started at Fri Feb 14 09:50:12 UTC 2020
Finished at Fri Feb 14 09:50:12 UTC 2020. 2ms
Started at Fri Feb 14 09:55:12 UTC 2020
Finished at Fri Feb 14 09:55:12 UTC 2020. 1ms
Started at Fri Feb 14 10:00:12 UTC 2020
Finished at Fri Feb 14 10:00:12 UTC 2020. 1ms
Started at Fri Feb 14 10:05:12 UTC 2020
Finished at Fri Feb 14 10:05:12 UTC 2020. 2ms
Started at Fri Feb 14 10:10:12 UTC 2020
Finished at Fri Feb 14 10:10:12 UTC 2020. 1ms
Started at Fri Feb 14 10:15:12 UTC 2020
Finished at Fri Feb 14 10:15:12 UTC 2020. 1ms
Started at Fri Feb 14 10:20:12 UTC 2020
Finished at Fri Feb 14 10:20:12 UTC 2020. 2ms
Started at Fri Feb 14 10:25:12 UTC 2020
Finished at Fri Feb 14 10:25:12 UTC 2020. 1ms
Started at Fri Feb 14 10:30:12 UTC 2020
Finished at Fri Feb 14 10:30:12 UTC 2020. 2ms
Started at Fri Feb 14 10:35:12 UTC 2020
Finished at Fri Feb 14 10:35:12 UTC 2020. 1ms
Started at Fri Feb 14 10:40:12 UTC 2020
Finished at Fri Feb 14 10:40:12 UTC 2020. 1ms
Started at Fri Feb 14 10:45:12 UTC 2020
Finished at Fri Feb 14 10:45:12 UTC 2020. 2ms
Started at Fri Feb 14 10:50:12 UTC 2020
Finished at Fri Feb 14 10:50:12 UTC 2020. 1ms
Started at Fri Feb 14 10:55:12 UTC 2020
Finished at Fri Feb 14 10:55:12 UTC 2020. 1ms
Started at Fri Feb 14 11:00:12 UTC 2020
Finished at Fri Feb 14 11:00:12 UTC 2020. 1ms
Started at Fri Feb 14 11:05:12 UTC 2020
Finished at Fri Feb 14 11:05:12 UTC 2020. 2ms
Started at Fri Feb 14 11:10:12 UTC 2020
Finished at Fri Feb 14 11:10:12 UTC 2020. 2ms
Started at Fri Feb 14 11:15:12 UTC 2020
Finished at Fri Feb 14 11:15:12 UTC 2020. 1ms
Started at Fri Feb 14 11:20:12 UTC 2020
Finished at Fri Feb 14 11:20:12 UTC 2020. 2ms
Started at Fri Feb 14 11:25:12 UTC 2020
Finished at Fri Feb 14 11:25:12 UTC 2020. 1ms
Started at Fri Feb 14 11:30:12 UTC 2020
Finished at Fri Feb 14 11:30:12 UTC 2020. 1ms
Started at Fri Feb 14 11:35:12 UTC 2020
Finished at Fri Feb 14 11:35:12 UTC 2020. 1ms
Started at Fri Feb 14 11:40:12 UTC 2020
Finished at Fri Feb 14 11:40:12 UTC 2020. 2ms
Started at Fri Feb 14 11:45:12 UTC 2020
Finished at Fri Feb 14 11:45:12 UTC 2020. 1ms
Started at Fri Feb 14 11:50:12 UTC 2020
Finished at Fri Feb 14 11:50:12 UTC 2020. 1ms
Started at Fri Feb 14 11:55:12 UTC 2020
Finished at Fri Feb 14 11:55:12 UTC 2020. 1ms
Started at Fri Feb 14 12:00:12 UTC 2020
Finished at Fri Feb 14 12:00:12 UTC 2020. 1ms
Started at Fri Feb 14 12:05:12 UTC 2020
Finished at Fri Feb 14 12:05:12 UTC 2020. 1ms
Started at Fri Feb 14 12:10:12 UTC 2020
Finished at Fri Feb 14 12:10:12 UTC 2020. 2ms
Started at Fri Feb 14 12:15:12 UTC 2020
Finished at Fri Feb 14 12:15:12 UTC 2020. 2ms
Started at Fri Feb 14 12:20:12 UTC 2020
Finished at Fri Feb 14 12:20:12 UTC 2020. 1ms
Started at Fri Feb 14 12:25:12 UTC 2020
Finished at Fri Feb 14 12:25:12 UTC 2020. 1ms
Started at Fri Feb 14 12:30:12 UTC 2020
Finished at Fri Feb 14 12:30:12 UTC 2020. 1ms
Started at Fri Feb 14 12:35:12 UTC 2020
Finished at Fri Feb 14 12:35:12 UTC 2020. 2ms
Started at Fri Feb 14 12:40:12 UTC 2020
Finished at Fri Feb 14 12:40:12 UTC 2020. 2ms
Started at Fri Feb 14 12:45:12 UTC 2020
Finished at Fri Feb 14 12:45:12 UTC 2020. 1ms
Started at Fri Feb 14 12:50:12 UTC 2020
Finished at Fri Feb 14 12:50:12 UTC 2020. 1ms
Started at Fri Feb 14 12:55:12 UTC 2020
Finished at Fri Feb 14 12:55:12 UTC 2020. 1ms
Started at Fri Feb 14 13:00:12 UTC 2020
Finished at Fri Feb 14 13:00:12 UTC 2020. 1ms
Started at Fri Feb 14 13:05:12 UTC 2020
Finished at Fri Feb 14 13:05:12 UTC 2020. 1ms
Started at Fri Feb 14 13:10:12 UTC 2020
Finished at Fri Feb 14 13:10:12 UTC 2020. 2ms
Started at Fri Feb 14 13:15:12 UTC 2020
Finished at Fri Feb 14 13:15:12 UTC 2020. 1ms
Started at Fri Feb 14 13:20:12 UTC 2020
Finished at Fri Feb 14 13:20:12 UTC 2020. 2ms
Started at Fri Feb 14 13:25:12 UTC 2020
Finished at Fri Feb 14 13:25:12 UTC 2020. 1ms
Started at Fri Feb 14 13:30:12 UTC 2020
Finished at Fri Feb 14 13:30:12 UTC 2020. 1ms
Started at Fri Feb 14 13:35:12 UTC 2020
Finished at Fri Feb 14 13:35:12 UTC 2020. 1ms
Started at Fri Feb 14 13:40:12 UTC 2020
Finished at Fri Feb 14 13:40:12 UTC 2020. 1ms
Started at Fri Feb 14 13:45:12 UTC 2020
Finished at Fri Feb 14 13:45:12 UTC 2020. 2ms
=======
Started at Fri Feb 14 04:01:35 UTC 2020
Finished at Fri Feb 14 04:01:35 UTC 2020. 6ms
Started at Fri Feb 14 04:06:35 UTC 2020
Finished at Fri Feb 14 04:06:35 UTC 2020. 2ms
Started at Fri Feb 14 04:11:35 UTC 2020
Finished at Fri Feb 14 04:11:35 UTC 2020. 1ms
Started at Fri Feb 14 04:16:35 UTC 2020
Finished at Fri Feb 14 04:16:35 UTC 2020. 1ms
Started at Fri Feb 14 04:21:35 UTC 2020
Finished at Fri Feb 14 04:21:35 UTC 2020. 1ms
Started at Fri Feb 14 04:26:35 UTC 2020
Finished at Fri Feb 14 04:26:35 UTC 2020. 1ms
Started at Fri Feb 14 04:31:35 UTC 2020
Finished at Fri Feb 14 04:31:35 UTC 2020. 1ms
Started at Fri Feb 14 04:36:35 UTC 2020
Finished at Fri Feb 14 04:36:35 UTC 2020. 1ms
>>>>>>> ec49d95417308113165a499221371735e07f8eae
Started at Fri Feb 14 13:50:12 UTC 2020
Finished at Fri Feb 14 13:50:12 UTC 2020. 2ms
