Started at Sat Aug 15 02:28:15 UTC 2020
Processing Tools/tomcat_restart
Offering Tools/tomcat_restart to Project Build Discarder
Processing Deployments/filebrowser_deploy
Offering Deployments/filebrowser_deploy to Project Build Discarder
Processing Deployments/gdm_deploy
Offering Deployments/gdm_deploy to Project Build Discarder
Processing Deployments/gdm_deploy_localhost
Offering Deployments/gdm_deploy_localhost to Project Build Discarder
Processing Deployments/pedver_deploy
Offering Deployments/pedver_deploy to Project Build Discarder
Processing Builds/pedver_build
Offering Builds/pedver_build to Project Build Discarder
Finished at Sat Aug 15 02:28:15 UTC 2020. 2ms
Started at Sat Aug 15 03:28:15 UTC 2020
Processing Tools/tomcat_restart
Offering Tools/tomcat_restart to Project Build Discarder
Processing Tools/WARNING_DELETIONS/DOCKER_CLEAN_ALL
Offering Tools/WARNING_DELETIONS/DOCKER_CLEAN_ALL to Project Build Discarder
Processing Deployments/filebrowser_deploy
Offering Deployments/filebrowser_deploy to Project Build Discarder
Processing Deployments/gdm_deploy
Offering Deployments/gdm_deploy to Project Build Discarder
Processing Deployments/gdm_deploy_localhost
Offering Deployments/gdm_deploy_localhost to Project Build Discarder
Processing Deployments/pedver_deploy
Offering Deployments/pedver_deploy to Project Build Discarder
Processing Builds/pedver_build
Offering Builds/pedver_build to Project Build Discarder
Finished at Sat Aug 15 03:28:15 UTC 2020. 1ms
